<?xml version="1.0" encoding="UTF-8"?>
<!-- Generated by org.testng.reporters.JUnitXMLReporter -->
<testsuite ignored="0" hostname="DESKTOP-D7T8H25" failures="3" tests="3" name="Test_Org" time="0.073" errors="0" timestamp="2025-07-22T17:26:11 IST">
  <testcase classname="OrganizationModule.OrgScenariosTest" name="CreateOrg_IndType" time="0.0">
    <failure type="org.testng.TestNGException" message="
Parameter &amp;apos;browser&amp;apos; is required by @Test on method CreateOrg_IndType but has not been marked @Optional or defined
in C:\Users\Hp\eclipse-workspace\Vtiger_CRM_Application\ParalleldistExecution.xml">
      <![CDATA[org.testng.TestNGException: 
Parameter 'browser' is required by @Test on method CreateOrg_IndType but has not been marked @Optional or defined
in C:\Users\Hp\eclipse-workspace\Vtiger_CRM_Application\ParalleldistExecution.xml
at java.base/java.util.ArrayList.forEach(ArrayList.java:1597)
at java.base/java.util.concurrent.FutureTask.run(FutureTask.java:317)
at java.base/java.util.concurrent.ThreadPoolExecutor.runWorker(ThreadPoolExecutor.java:1144)
at java.base/java.util.concurrent.ThreadPoolExecutor$Worker.run(ThreadPoolExecutor.java:642)
at java.base/java.lang.Thread.run(Thread.java:1575)
... Removed 16 stack frames]]>
    </failure>
  </testcase> <!-- CreateOrg_IndType -->
  <testcase classname="OrganizationModule.OrgScenariosTest" name="createNewOrgTest" time="0.0">
    <failure type="org.testng.TestNGException" message="
Parameter &amp;apos;browser&amp;apos; is required by @Test on method createNewOrgTest but has not been marked @Optional or defined
in C:\Users\Hp\eclipse-workspace\Vtiger_CRM_Application\ParalleldistExecution.xml">
      <![CDATA[org.testng.TestNGException: 
Parameter 'browser' is required by @Test on method createNewOrgTest but has not been marked @Optional or defined
in C:\Users\Hp\eclipse-workspace\Vtiger_CRM_Application\ParalleldistExecution.xml
at java.base/java.util.ArrayList.forEach(ArrayList.java:1597)
at java.base/java.util.concurrent.FutureTask.run(FutureTask.java:317)
at java.base/java.util.concurrent.ThreadPoolExecutor.runWorker(ThreadPoolExecutor.java:1144)
at java.base/java.util.concurrent.ThreadPoolExecutor$Worker.run(ThreadPoolExecutor.java:642)
at java.base/java.lang.Thread.run(Thread.java:1575)
... Removed 16 stack frames]]>
    </failure>
  </testcase> <!-- createNewOrgTest -->
  <testcase classname="OrganizationModule.OrgScenariosTest" name="creteOrg_Phno_Test" time="0.0">
    <failure type="org.testng.TestNGException" message="
Parameter &amp;apos;browser&amp;apos; is required by @Test on method creteOrg_Phno_Test but has not been marked @Optional or defined
in C:\Users\Hp\eclipse-workspace\Vtiger_CRM_Application\ParalleldistExecution.xml">
      <![CDATA[org.testng.TestNGException: 
Parameter 'browser' is required by @Test on method creteOrg_Phno_Test but has not been marked @Optional or defined
in C:\Users\Hp\eclipse-workspace\Vtiger_CRM_Application\ParalleldistExecution.xml
at java.base/java.util.ArrayList.forEach(ArrayList.java:1597)
at java.base/java.util.concurrent.FutureTask.run(FutureTask.java:317)
at java.base/java.util.concurrent.ThreadPoolExecutor.runWorker(ThreadPoolExecutor.java:1144)
at java.base/java.util.concurrent.ThreadPoolExecutor$Worker.run(ThreadPoolExecutor.java:642)
at java.base/java.lang.Thread.run(Thread.java:1575)
... Removed 16 stack frames]]>
    </failure>
  </testcase> <!-- creteOrg_Phno_Test -->
</testsuite> <!-- Test_Org -->
