<?xml version="1.0" encoding="UTF-8"?>
<!-- Generated by org.testng.reporters.JUnitXMLReporter -->
<testsuite ignored="0" hostname="DESKTOP-D7T8H25" failures="3" tests="3" name="Test_Cont" time="0.073" errors="0" timestamp="2025-07-22T17:26:11 IST">
  <testcase classname="ContactsModule.ContactScenariosTest" name="ContactWithSupportDate" time="0.0">
    <failure type="org.testng.TestNGException" message="
Parameter &amp;apos;browser&amp;apos; is required by @Test on method ContactWithSupportDate but has not been marked @Optional or defined
in C:\Users\Hp\eclipse-workspace\Vtiger_CRM_Application\ParalleldistExecution.xml">
      <![CDATA[org.testng.TestNGException: 
Parameter 'browser' is required by @Test on method ContactWithSupportDate but has not been marked @Optional or defined
in C:\Users\Hp\eclipse-workspace\Vtiger_CRM_Application\ParalleldistExecution.xml
at java.base/java.util.ArrayList.forEach(ArrayList.java:1597)
at java.base/java.util.concurrent.FutureTask.run(FutureTask.java:317)
at java.base/java.util.concurrent.ThreadPoolExecutor.runWorker(ThreadPoolExecutor.java:1144)
at java.base/java.util.concurrent.ThreadPoolExecutor$Worker.run(ThreadPoolExecutor.java:642)
at java.base/java.lang.Thread.run(Thread.java:1575)
... Removed 16 stack frames]]>
    </failure>
  </testcase> <!-- ContactWithSupportDate -->
  <testcase classname="ContactsModule.ContactScenariosTest" name="CreateNewContTest" time="0.0">
    <failure type="org.testng.TestNGException" message="
Parameter &amp;apos;browser&amp;apos; is required by @Test on method CreateNewContTest but has not been marked @Optional or defined
in C:\Users\Hp\eclipse-workspace\Vtiger_CRM_Application\ParalleldistExecution.xml">
      <![CDATA[org.testng.TestNGException: 
Parameter 'browser' is required by @Test on method CreateNewContTest but has not been marked @Optional or defined
in C:\Users\Hp\eclipse-workspace\Vtiger_CRM_Application\ParalleldistExecution.xml
at java.base/java.util.ArrayList.forEach(ArrayList.java:1597)
at java.base/java.util.concurrent.FutureTask.run(FutureTask.java:317)
at java.base/java.util.concurrent.ThreadPoolExecutor.runWorker(ThreadPoolExecutor.java:1144)
at java.base/java.util.concurrent.ThreadPoolExecutor$Worker.run(ThreadPoolExecutor.java:642)
at java.base/java.lang.Thread.run(Thread.java:1575)
... Removed 16 stack frames]]>
    </failure>
  </testcase> <!-- CreateNewContTest -->
  <testcase classname="ContactsModule.ContactScenariosTest" name="Create_Orgwith_Cont" time="0.0">
    <failure type="org.testng.TestNGException" message="
Parameter &amp;apos;browser&amp;apos; is required by @Test on method Create_Orgwith_Cont but has not been marked @Optional or defined
in C:\Users\Hp\eclipse-workspace\Vtiger_CRM_Application\ParalleldistExecution.xml">
      <![CDATA[org.testng.TestNGException: 
Parameter 'browser' is required by @Test on method Create_Orgwith_Cont but has not been marked @Optional or defined
in C:\Users\Hp\eclipse-workspace\Vtiger_CRM_Application\ParalleldistExecution.xml
at java.base/java.util.ArrayList.forEach(ArrayList.java:1597)
at java.base/java.util.concurrent.FutureTask.run(FutureTask.java:317)
at java.base/java.util.concurrent.ThreadPoolExecutor.runWorker(ThreadPoolExecutor.java:1144)
at java.base/java.util.concurrent.ThreadPoolExecutor$Worker.run(ThreadPoolExecutor.java:642)
at java.base/java.lang.Thread.run(Thread.java:1575)
... Removed 16 stack frames]]>
    </failure>
  </testcase> <!-- Create_Orgwith_Cont -->
</testsuite> <!-- Test_Cont -->
